Flow report for MC1
Sun Oct 27 15:39:07 2024
Quartus II 64-Bit Version 13.1.0 Build 162 10/23/2013 SJ Web Edition


---------------------
; Table of Contents ;
---------------------
  1. Legal Notice
  2. Flow Summary
  3. Flow Settings
  4. Flow Non-Default Global Settings
  5. Flow Elapsed Time
  6. Flow OS Summary
  7. Flow Log
  8. Flow Messages
  9. Flow Suppressed Messages



----------------
; Legal Notice ;
----------------
Copyright (C) 1991-2013 Altera Corporation
Your use of Altera Corporation's design tools, logic functions 
and other software and tools, and its AMPP partner logic 
functions, and any output files from any of the foregoing 
(including device programming or simulation files), and any 
associated documentation or information are expressly subject 
to the terms and conditions of the Altera Program License 
Subscription Agreement, Altera MegaCore Function License 
Agreement, or other applicable license agreement, including, 
without limitation, that your use is for the sole purpose of 
programming logic devices manufactured by Altera and sold by 
Altera or its authorized distributors.  Please refer to the 
applicable agreement for further details.



+---------------------------------------------------------------------------------+
; Flow Summary                                                                    ;
+------------------------------------+--------------------------------------------+
; Flow Status                        ; Successful - Sun Oct 27 15:39:07 2024      ;
; Quartus II 64-Bit Version          ; 13.1.0 Build 162 10/23/2013 SJ Web Edition ;
; Revision Name                      ; MC1                                        ;
; Top-level Entity Name              ; DATAPATH                                   ;
; Family                             ; Cyclone III                                ;
; Total logic elements               ; 640 / 15,408 ( 4 % )                       ;
;     Total combinational functions  ; 528 / 15,408 ( 3 % )                       ;
;     Dedicated logic registers      ; 330 / 15,408 ( 2 % )                       ;
; Total registers                    ; 330                                        ;
; Total pins                         ; 280 / 347 ( 81 % )                         ;
; Total virtual pins                 ; 0                                          ;
; Total memory bits                  ; 0 / 516,096 ( 0 % )                        ;
; Embedded Multiplier 9-bit elements ; 0 / 112 ( 0 % )                            ;
; Total PLLs                         ; 0 / 4 ( 0 % )                              ;
; Device                             ; EP3C16F484C6                               ;
; Timing Models                      ; Final                                      ;
+------------------------------------+--------------------------------------------+


+-----------------------------------------+
; Flow Settings                           ;
+-------------------+---------------------+
; Option            ; Setting             ;
+-------------------+---------------------+
; Start date & time ; 10/27/2024 15:38:06 ;
; Main task         ; Compilation         ;
; Revision Name     ; MC1                 ;
+-------------------+---------------------+


+-------------------------------------------------------------------------------------------------------------------------------------------------------+
; Flow Non-Default Global Settings                                                                                                                      ;
+-------------------------------------+------------------------------------------------------------------+---------------+-------------+----------------+
; Assignment Name                     ; Value                                                            ; Default Value ; Entity Name ; Section Id     ;
+-------------------------------------+------------------------------------------------------------------+---------------+-------------+----------------+
; COMPILER_SIGNATURE_ID               ; 925258687203.173005428617404                                     ; --            ; --          ; --             ;
; EDA_GENERATE_FUNCTIONAL_NETLIST     ; Off                                                              ; --            ; --          ; eda_simulation ;
; EDA_NETLIST_WRITER_OUTPUT_DIR       ; C:/Users/joaqu/OneDrive/Documentos/MiC1-JOAQUIM/simulation/qsim/ ; --            ; --          ; eda_simulation ;
; EDA_OUTPUT_DATA_FORMAT              ; Verilog Hdl                                                      ; --            ; --          ; eda_simulation ;
; EDA_SIMULATION_TOOL                 ; ModelSim-Altera (Verilog)                                        ; <None>        ; --          ; --             ;
; EDA_TIME_SCALE                      ; 1 ps                                                             ; --            ; --          ; eda_simulation ;
; PARTITION_COLOR                     ; 16764057                                                         ; --            ; DATAPATH    ; Top            ;
; PARTITION_FITTER_PRESERVATION_LEVEL ; PLACEMENT_AND_ROUTING                                            ; --            ; DATAPATH    ; Top            ;
; PARTITION_NETLIST_TYPE              ; SOURCE                                                           ; --            ; DATAPATH    ; Top            ;
; PROJECT_OUTPUT_DIRECTORY            ; output_files                                                     ; --            ; --          ; --             ;
; TOP_LEVEL_ENTITY                    ; DATAPATH                                                         ; MC1           ; --          ; --             ;
+-------------------------------------+------------------------------------------------------------------+---------------+-------------+----------------+


+-------------------------------------------------------------------------------------------------------------------------------+
; Flow Elapsed Time                                                                                                             ;
+---------------------------+--------------+-------------------------+---------------------+------------------------------------+
; Module Name               ; Elapsed Time ; Average Processors Used ; Peak Virtual Memory ; Total CPU Time (on all processors) ;
+---------------------------+--------------+-------------------------+---------------------+------------------------------------+
; Analysis & Synthesis      ; 00:00:03     ; 1.0                     ; 4658 MB             ; 00:00:01                           ;
; Fitter                    ; 00:00:14     ; 1.7                     ; 5367 MB             ; 00:00:09                           ;
; Assembler                 ; 00:00:01     ; 1.0                     ; 4597 MB             ; 00:00:01                           ;
; TimeQuest Timing Analyzer ; 00:00:04     ; 1.0                     ; 4701 MB             ; 00:00:02                           ;
; EDA Netlist Writer        ; 00:00:02     ; 1.0                     ; 4563 MB             ; 00:00:01                           ;
; EDA Netlist Writer        ; 00:00:01     ; 1.0                     ; 4573 MB             ; 00:00:00                           ;
; EDA Netlist Writer        ; 00:00:02     ; 1.0                     ; 4578 MB             ; 00:00:01                           ;
; Total                     ; 00:00:27     ; --                      ; --                  ; 00:00:15                           ;
+---------------------------+--------------+-------------------------+---------------------+------------------------------------+


+----------------------------------------------------------------------------------------+
; Flow OS Summary                                                                        ;
+---------------------------+------------------+-----------+------------+----------------+
; Module Name               ; Machine Hostname ; OS Name   ; OS Version ; Processor type ;
+---------------------------+------------------+-----------+------------+----------------+
; Analysis & Synthesis      ; Joaquim          ; Windows 7 ; 6.2        ; x86_64         ;
; Fitter                    ; Joaquim          ; Windows 7 ; 6.2        ; x86_64         ;
; Assembler                 ; Joaquim          ; Windows 7 ; 6.2        ; x86_64         ;
; TimeQuest Timing Analyzer ; Joaquim          ; Windows 7 ; 6.2        ; x86_64         ;
; EDA Netlist Writer        ; Joaquim          ; Windows 7 ; 6.2        ; x86_64         ;
; EDA Netlist Writer        ; Joaquim          ; Windows 7 ; 6.2        ; x86_64         ;
; EDA Netlist Writer        ; Joaquim          ; Windows 7 ; 6.2        ; x86_64         ;
+---------------------------+------------------+-----------+------------+----------------+


------------
; Flow Log ;
------------
quartus_map --read_settings_files=on --write_settings_files=off MC1 -c MC1
quartus_fit --read_settings_files=off --write_settings_files=off MC1 -c MC1
quartus_asm --read_settings_files=off --write_settings_files=off MC1 -c MC1
quartus_sta MC1 -c MC1
quartus_eda --read_settings_files=off --write_settings_files=off MC1 -c MC1
quartus_eda --gen_testbench --check_outputs=on --tool=modelsim_oem --format=verilog MC1 -c MC1 --vector_source=C:/Users/joaqu/Documents/MiC1-JOAQUIM/DATAPATH3.vwf --testbench_file=C:/Users/joaqu/Documents/MiC1-JOAQUIM/simulation/qsim/DATAPATH3.vwf.vt
quartus_eda --functional=off --flatten_buses=off --timescale=1ps --simulation=on --tool=modelsim_oem --format=verilog --output_directory=C:/Users/joaqu/Documents/MiC1-JOAQUIM/simulation/qsim/ MC1 -c MC1



